[0808/223917.646:ERROR:process_memory_win.cc(73)] ReadMemory at 0x7ff72ca50000 of 64 bytes failed: Only part of a ReadProcessMemory or WriteProcessMemory request was completed. (0x12B)
[0808/223917.881:WARNING:pe_image_reader.cc(340)] could not read dos header from C:\Program Files (x86)\Google\Chrome\Application\chrome.exe
[0808/223917.881:ERROR:process_memory_win.cc(73)] ReadMemory at 0x7ffd85590000 of 64 bytes failed: Only part of a ReadProcessMemory or WriteProcessMemory request was completed. (0x12B)
[0808/223917.881:WARNING:pe_image_reader.cc(340)] could not read dos header from C:\WINDOWS\SYSTEM32\ntdll.dll
[0808/223917.881:ERROR:process_memory_win.cc(73)] ReadMemory at 0x7ffd838c0000 of 64 bytes failed: Only part of a ReadProcessMemory or WriteProcessMemory request was completed. (0x12B)
[0808/223917.882:WARNING:pe_image_reader.cc(340)] could not read dos header from C:\WINDOWS\System32\KERNEL32.DLL
[0808/223917.882:ERROR:process_memory_win.cc(73)] ReadMemory at 0x7ffd83100000 of 64 bytes failed: Only part of a ReadProcessMemory or WriteProcessMemory request was completed. (0x12B)
[0808/223917.882:WARNING:pe_image_reader.cc(340)] could not read dos header from C:\WINDOWS\System32\KERNELBASE.dll
[0808/223917.882:ERROR:process_memory_win.cc(73)] ReadMemory at 0x7ffd69a50000 of 64 bytes failed: Only part of a ReadProcessMemory or WriteProcessMemory request was completed. (0x12B)
[0808/223917.882:WARNING:pe_image_reader.cc(340)] could not read dos header from C:\Program Files (x86)\Google\Chrome\Application\84.0.4147.105\chrome_elf.dll
[0808/223917.882:ERROR:process_memory_win.cc(73)] ReadMemory at 0x7ffd70c90000 of 64 bytes failed: Only part of a ReadProcessMemory or WriteProcessMemory request was completed. (0x12B)
[0808/223917.882:WARNING:pe_image_reader.cc(340)] could not read dos header from C:\WINDOWS\SYSTEM32\VERSION.dll
[0808/223917.885:ERROR:process_memory_win.cc(73)] ReadMemory at 0x7ffd84c60000 of 64 bytes failed: Only part of a ReadProcessMemory or WriteProcessMemory request was completed. (0x12B)
[0808/223917.885:WARNING:pe_image_reader.cc(340)] could not read dos header from C:\WINDOWS\System32\msvcrt.dll
[0808/223917.885:ERROR:process_memory_win.cc(73)] ReadMemory at 0x7ffd848e0000 of 64 bytes failed: Only part of a ReadProcessMemory or WriteProcessMemory request was completed. (0x12B)
[0808/223917.885:WARNING:pe_image_reader.cc(340)] could not read dos header from C:\WINDOWS\System32\ADVAPI32.dll
[0808/223917.885:ERROR:process_memory_win.cc(73)] ReadMemory at 0x7ffd83e70000 of 64 bytes failed: Only part of a ReadProcessMemory or WriteProcessMemory request was completed. (0x12B)
[0808/223917.885:WARNING:pe_image_reader.cc(340)] could not read dos header from C:\WINDOWS\System32\sechost.dll
[0808/223917.885:ERROR:process_memory_win.cc(73)] ReadMemory at 0x7ffd84690000 of 64 bytes failed: Only part of a ReadProcessMemory or WriteProcessMemory request was completed. (0x12B)
[0808/223917.885:WARNING:pe_image_reader.cc(340)] could not read dos header from C:\WINDOWS\System32\RPCRT4.dll
[0808/223917.886:ERROR:process_memory_win.cc(73)] ReadMemory at 0x7ffd43f70000 of 64 bytes failed: Only part of a ReadProcessMemory or WriteProcessMemory request was completed. (0x12B)
[0808/223917.886:WARNING:pe_image_reader.cc(340)] could not read dos header from C:\Program Files (x86)\Google\Chrome\Application\84.0.4147.105\chrome.dll
[0808/223917.886:ERROR:process_memory_win.cc(73)] ReadMemory at 0x7ffd83740000 of 64 bytes failed: Only part of a ReadProcessMemory or WriteProcessMemory request was completed. (0x12B)
[0808/223917.886:WARNING:pe_image_reader.cc(340)] could not read dos header from C:\WINDOWS\System32\WS2_32.dll
[0808/223917.886:ERROR:process_memory_win.cc(73)] ReadMemory at 0x7ffd83660000 of 64 bytes failed: Only part of a ReadProcessMemory or WriteProcessMemory request was completed. (0x12B)
[0808/223917.886:WARNING:pe_image_reader.cc(340)] could not read dos header from C:\WINDOWS\System32\OLEAUT32.dll
[0808/223917.886:ERROR:process_memory_win.cc(73)] ReadMemory at 0x7ffd83450000 of 64 bytes failed: Only part of a ReadProcessMemory or WriteProcessMemory request was completed. (0x12B)
[0808/223917.888:WARNING:pe_image_reader.cc(340)] could not read dos header from C:\WINDOWS\System32\msvcp_win.dll
[0808/223917.888:ERROR:process_memory_win.cc(73)] ReadMemory at 0x7ffd82ce0000 of 64 bytes failed: Only part of a ReadProcessMemory or WriteProcessMemory request was completed. (0x12B)
[0808/223917.888:WARNING:pe_image_reader.cc(340)] could not read dos header from C:\WINDOWS\System32\ucrtbase.dll
[0808/223917.888:ERROR:process_memory_win.cc(73)] ReadMemory at 0x7ffd840c0000 of 64 bytes failed: Only part of a ReadProcessMemory or WriteProcessMemory request was completed. (0x12B)
[0808/223917.888:WARNING:pe_image_reader.cc(340)] could not read dos header from C:\WINDOWS\System32\combase.dll
[0808/223917.888:ERROR:process_memory_win.cc(73)] ReadMemory at 0x7ffd82f70000 of 64 bytes failed: Only part of a ReadProcessMemory or WriteProcessMemory request was completed. (0x12B)
[0808/223917.888:WARNING:pe_image_reader.cc(340)] could not read dos header from C:\WINDOWS\System32\WINTRUST.dll
[0808/223917.889:ERROR:process_memory_win.cc(73)] ReadMemory at 0x7ffd82de0000 of 64 bytes failed: Only part of a ReadProcessMemory or WriteProcessMemory request was completed. (0x12B)
[0808/223917.889:WARNING:pe_image_reader.cc(340)] could not read dos header from C:\WINDOWS\System32\CRYPT32.dll
[0808/223917.889:ERROR:process_memory_win.cc(73)] ReadMemory at 0x7ffd82100000 of 64 bytes failed: Only part of a ReadProcessMemory or WriteProcessMemory request was completed. (0x12B)
[0808/223917.889:WARNING:pe_image_reader.cc(340)] could not read dos header from C:\WINDOWS\SYSTEM32\IPHLPAPI.DLL
[0808/223917.889:ERROR:process_memory_win.cc(73)] ReadMemory at 0x7ffd76320000 of 64 bytes failed: Only part of a ReadProcessMemory or WriteProcessMemory request was completed. (0x12B)
[0808/223917.889:WARNING:pe_image_reader.cc(340)] could not read dos header from C:\WINDOWS\SYSTEM32\WINMM.dll
[0808/223917.891:ERROR:process_memory_win.cc(73)] ReadMemory at 0x7ffd70220000 of 64 bytes failed: Only part of a ReadProcessMemory or WriteProcessMemory request was completed. (0x12B)
[0808/223917.891:WARNING:pe_image_reader.cc(340)] could not read dos header from C:\WINDOWS\SYSTEM32\Secur32.dll
[0808/223917.891:ERROR:process_memory_win.cc(73)] ReadMemory at 0x7ffd82ba0000 of 64 bytes failed: Only part of a ReadProcessMemory or WriteProcessMemory request was completed. (0x12B)
[0808/223917.891:WARNING:pe_image_reader.cc(340)] could not read dos header from C:\WINDOWS\SYSTEM32\USERENV.dll
[0808/223917.891:ERROR:process_memory_win.cc(73)] ReadMemory at 0x7ffd625e0000 of 64 bytes failed: Only part of a ReadProcessMemory or WriteProcessMemory request was completed. (0x12B)
[0808/223917.891:WARNING:pe_image_reader.cc(340)] could not read dos header from C:\WINDOWS\SYSTEM32\UIAutomationCore.DLL
[0808/223917.892:ERROR:process_memory_win.cc(73)] ReadMemory at 0x7ffd733b0000 of 64 bytes failed: Only part of a ReadProcessMemory or WriteProcessMemory request was completed. (0x12B)
[0808/223917.892:WARNING:pe_image_reader.cc(340)] could not read dos header from C:\WINDOWS\SYSTEM32\DWrite.dll
[0808/223917.892:ERROR:process_memory_win.cc(73)] ReadMemory at 0x7ffd7c5a0000 of 64 bytes failed: Only part of a ReadProcessMemory or WriteProcessMemory request was completed. (0x12B)
[0808/223917.892:WARNING:pe_image_reader.cc(340)] could not read dos header from C:\WINDOWS\SYSTEM32\WINSPOOL.DRV
[0808/223917.892:ERROR:process_memory_win.cc(73)] ReadMemory at 0x7ffd812c0000 of 64 bytes failed: Only part of a ReadProcessMemory or WriteProcessMemory request was completed. (0x12B)
[0808/223917.894:WARNING:pe_image_reader.cc(340)] could not read dos header from C:\WINDOWS\SYSTEM32\dbghelp.dll
[0808/223917.897:ERROR:process_memory_win.cc(73)] ReadMemory at 0x7ffd76050000 of 64 bytes failed: Only part of a ReadProcessMemory or WriteProcessMemory request was completed. (0x12B)
[0808/223917.897:WARNING:pe_image_reader.cc(340)] could not read dos header from C:\WINDOWS\SYSTEM32\WINHTTP.dll
[0808/223917.897:ERROR:process_memory_win.cc(73)] ReadMemory at 0x7ffd77d00000 of 64 bytes failed: Only part of a ReadProcessMemory or WriteProcessMemory request was completed. (0x12B)
[0808/223917.898:WARNING:pe_image_reader.cc(340)] could not read dos header from C:\WINDOWS\SYSTEM32\dhcpcsvc.DLL
[0808/223917.898:ERROR:process_memory_win.cc(73)] ReadMemory at 0x7ffd7fd80000 of 64 bytes failed: Only part of a ReadProcessMemory or WriteProcessMemory request was completed. (0x12B)
[0808/223917.899:WARNING:pe_image_reader.cc(340)] could not read dos header from C:\WINDOWS\SYSTEM32\PROPSYS.dll
[0808/223917.899:ERROR:process_memory_win.cc(73)] ReadMemory at 0x7ffd82bd0000 of 64 bytes failed: Only part of a ReadProcessMemory or WriteProcessMemory request was completed. (0x12B)
[0808/223917.899:WARNING:pe_image_reader.cc(340)] could not read dos header from C:\WINDOWS\SYSTEM32\SSPICLI.DLL
[0808/223917.899:ERROR:process_memory_win.cc(73)] ReadMemory at 0x7ffd82810000 of 64 bytes failed: Only part of a ReadProcessMemory or WriteProcessMemory request was completed. (0x12B)
[0808/223917.914:WARNING:pe_image_reader.cc(340)] could not read dos header from C:\WINDOWS\System32\MSASN1.dll
[0808/223917.914:ERROR:process_memory_win.cc(73)] ReadMemory at 0x7ffd83080000 of 64 bytes failed: Only part of a ReadProcessMemory or WriteProcessMemory request was completed. (0x12B)
[0808/223917.914:WARNING:pe_image_reader.cc(340)] could not read dos header from C:\WINDOWS\System32\bcryptPrimitives.dll
[0808/223917.914:ERROR:process_memory_win.cc(73)] ReadMemory at 0x7ffd825e0000 of 64 bytes failed: Only part of a ReadProcessMemory or WriteProcessMemory request was completed. (0x12B)
[0808/223917.914:WARNING:pe_image_reader.cc(340)] could not read dos header from C:\WINDOWS\SYSTEM32\CRYPTBASE.DLL
[0808/223918.018:ERROR:process_memory_win.cc(73)] ReadMemory at 0x7ff72ca50000 of 64 bytes failed: Only part of a ReadProcessMemory or WriteProcessMemory request was completed. (0x12B)
[0808/223918.018:WARNING:pe_image_reader.cc(340)] could not read dos header from C:\Program Files (x86)\Google\Chrome\Application\chrome.exe
[0808/223918.018:ERROR:process_memory_win.cc(73)] ReadMemory at 0x7ffd85590000 of 64 bytes failed: Only part of a ReadProcessMemory or WriteProcessMemory request was completed. (0x12B)
[0808/223918.018:WARNING:pe_image_reader.cc(340)] could not read dos header from C:\WINDOWS\SYSTEM32\ntdll.dll
[0808/223918.018:ERROR:process_memory_win.cc(73)] ReadMemory at 0x7ffd838c0000 of 64 bytes failed: Only part of a ReadProcessMemory or WriteProcessMemory request was completed. (0x12B)
[0808/223918.019:WARNING:pe_image_reader.cc(340)] could not read dos header from C:\WINDOWS\System32\KERNEL32.DLL
[0808/223918.019:ERROR:process_memory_win.cc(73)] ReadMemory at 0x7ffd83100000 of 64 bytes failed: Only part of a ReadProcessMemory or WriteProcessMemory request was completed. (0x12B)
[0808/223918.019:WARNING:pe_image_reader.cc(340)] could not read dos header from C:\WINDOWS\System32\KERNELBASE.dll
[0808/223918.019:ERROR:process_memory_win.cc(73)] ReadMemory at 0x7ffd69a50000 of 64 bytes failed: Only part of a ReadProcessMemory or WriteProcessMemory request was completed. (0x12B)
[0808/223918.019:WARNING:pe_image_reader.cc(340)] could not read dos header from C:\Program Files (x86)\Google\Chrome\Application\84.0.4147.105\chrome_elf.dll
[0808/223918.019:ERROR:process_memory_win.cc(73)] ReadMemory at 0x7ffd70c90000 of 64 bytes failed: Only part of a ReadProcessMemory or WriteProcessMemory request was completed. (0x12B)
[0808/223918.019:WARNING:pe_image_reader.cc(340)] could not read dos header from C:\WINDOWS\SYSTEM32\VERSION.dll
[0808/223918.020:ERROR:process_memory_win.cc(73)] ReadMemory at 0x7ffd84c60000 of 64 bytes failed: Only part of a ReadProcessMemory or WriteProcessMemory request was completed. (0x12B)
[0808/223918.020:WARNING:pe_image_reader.cc(340)] could not read dos header from C:\WINDOWS\System32\msvcrt.dll
[0808/223918.020:ERROR:process_memory_win.cc(73)] ReadMemory at 0x7ffd848e0000 of 64 bytes failed: Only part of a ReadProcessMemory or WriteProcessMemory request was completed. (0x12B)
[0808/223918.020:WARNING:pe_image_reader.cc(340)] could not read dos header from C:\WINDOWS\System32\ADVAPI32.dll
[0808/223918.020:ERROR:process_memory_win.cc(73)] ReadMemory at 0x7ffd83e70000 of 64 bytes failed: Only part of a ReadProcessMemory or WriteProcessMemory request was completed. (0x12B)
[0808/223918.020:WARNING:pe_image_reader.cc(340)] could not read dos header from C:\WINDOWS\System32\sechost.dll
[0808/223918.020:ERROR:process_memory_win.cc(73)] ReadMemory at 0x7ffd84690000 of 64 bytes failed: Only part of a ReadProcessMemory or WriteProcessMemory request was completed. (0x12B)
[0808/223918.020:WARNING:pe_image_reader.cc(340)] could not read dos header from C:\WINDOWS\System32\RPCRT4.dll
[0808/223918.020:ERROR:process_memory_win.cc(73)] ReadMemory at 0x7ffd43f70000 of 64 bytes failed: Only part of a ReadProcessMemory or WriteProcessMemory request was completed. (0x12B)
[0808/223918.020:WARNING:pe_image_reader.cc(340)] could not read dos header from C:\Program Files (x86)\Google\Chrome\Application\84.0.4147.105\chrome.dll
[0808/223918.020:ERROR:process_memory_win.cc(73)] ReadMemory at 0x7ffd83740000 of 64 bytes failed: Only part of a ReadProcessMemory or WriteProcessMemory request was completed. (0x12B)
[0808/223918.020:WARNING:pe_image_reader.cc(340)] could not read dos header from C:\WINDOWS\System32\WS2_32.dll
[0808/223918.021:ERROR:process_memory_win.cc(73)] ReadMemory at 0x7ffd83660000 of 64 bytes failed: Only part of a ReadProcessMemory or WriteProcessMemory request was completed. (0x12B)
[0808/223918.021:WARNING:pe_image_reader.cc(340)] could not read dos header from C:\WINDOWS\System32\OLEAUT32.dll
[0808/223918.021:ERROR:process_memory_win.cc(73)] ReadMemory at 0x7ffd83450000 of 64 bytes failed: Only part of a ReadProcessMemory or WriteProcessMemory request was completed. (0x12B)
[0808/223918.021:WARNING:pe_image_reader.cc(340)] could not read dos header from C:\WINDOWS\System32\msvcp_win.dll
[0808/223918.021:ERROR:process_memory_win.cc(73)] ReadMemory at 0x7ffd82ce0000 of 64 bytes failed: Only part of a ReadProcessMemory or WriteProcessMemory request was completed. (0x12B)
[0808/223918.021:WARNING:pe_image_reader.cc(340)] could not read dos header from C:\WINDOWS\System32\ucrtbase.dll
[0808/223918.021:ERROR:process_memory_win.cc(73)] ReadMemory at 0x7ffd840c0000 of 64 bytes failed: Only part of a ReadProcessMemory or WriteProcessMemory request was completed. (0x12B)
[0808/223918.021:WARNING:pe_image_reader.cc(340)] could not read dos header from C:\WINDOWS\System32\combase.dll
[0808/223918.021:ERROR:process_memory_win.cc(73)] ReadMemory at 0x7ffd82f70000 of 64 bytes failed: Only part of a ReadProcessMemory or WriteProcessMemory request was completed. (0x12B)
[0808/223918.021:WARNING:pe_image_reader.cc(340)] could not read dos header from C:\WINDOWS\System32\WINTRUST.dll
[0808/223918.021:ERROR:process_memory_win.cc(73)] ReadMemory at 0x7ffd82de0000 of 64 bytes failed: Only part of a ReadProcessMemory or WriteProcessMemory request was completed. (0x12B)
[0808/223918.022:WARNING:pe_image_reader.cc(340)] could not read dos header from C:\WINDOWS\System32\CRYPT32.dll
[0808/223918.022:ERROR:process_memory_win.cc(73)] ReadMemory at 0x7ffd82100000 of 64 bytes failed: Only part of a ReadProcessMemory or WriteProcessMemory request was completed. (0x12B)
[0808/223918.022:WARNING:pe_image_reader.cc(340)] could not read dos header from C:\WINDOWS\SYSTEM32\IPHLPAPI.DLL
[0808/223918.022:ERROR:process_memory_win.cc(73)] ReadMemory at 0x7ffd76320000 of 64 bytes failed: Only part of a ReadProcessMemory or WriteProcessMemory request was completed. (0x12B)
[0808/223918.022:WARNING:pe_image_reader.cc(340)] could not read dos header from C:\WINDOWS\SYSTEM32\WINMM.dll
[0808/223918.022:ERROR:process_memory_win.cc(73)] ReadMemory at 0x7ffd70220000 of 64 bytes failed: Only part of a ReadProcessMemory or WriteProcessMemory request was completed. (0x12B)
[0808/223918.022:WARNING:pe_image_reader.cc(340)] could not read dos header from C:\WINDOWS\SYSTEM32\Secur32.dll
[0808/223918.022:ERROR:process_memory_win.cc(73)] ReadMemory at 0x7ffd82ba0000 of 64 bytes failed: Only part of a ReadProcessMemory or WriteProcessMemory request was completed. (0x12B)
[0808/223918.022:WARNING:pe_image_reader.cc(340)] could not read dos header from C:\WINDOWS\SYSTEM32\USERENV.dll
[0808/223918.023:ERROR:process_memory_win.cc(73)] ReadMemory at 0x7ffd625e0000 of 64 bytes failed: Only part of a ReadProcessMemory or WriteProcessMemory request was completed. (0x12B)
[0808/223918.023:WARNING:pe_image_reader.cc(340)] could not read dos header from C:\WINDOWS\SYSTEM32\UIAutomationCore.DLL
[0808/223918.023:ERROR:process_memory_win.cc(73)] ReadMemory at 0x7ffd733b0000 of 64 bytes failed: Only part of a ReadProcessMemory or WriteProcessMemory request was completed. (0x12B)
[0808/223918.023:WARNING:pe_image_reader.cc(340)] could not read dos header from C:\WINDOWS\SYSTEM32\DWrite.dll
[0808/223918.023:ERROR:process_memory_win.cc(73)] ReadMemory at 0x7ffd7c5a0000 of 64 bytes failed: Only part of a ReadProcessMemory or WriteProcessMemory request was completed. (0x12B)
[0808/223918.023:WARNING:pe_image_reader.cc(340)] could not read dos header from C:\WINDOWS\SYSTEM32\WINSPOOL.DRV
[0808/223918.023:ERROR:process_memory_win.cc(73)] ReadMemory at 0x7ffd812c0000 of 64 bytes failed: Only part of a ReadProcessMemory or WriteProcessMemory request was completed. (0x12B)
[0808/223918.023:WARNING:pe_image_reader.cc(340)] could not read dos header from C:\WINDOWS\SYSTEM32\dbghelp.dll
[0808/223918.024:ERROR:process_memory_win.cc(73)] ReadMemory at 0x7ffd76050000 of 64 bytes failed: Only part of a ReadProcessMemory or WriteProcessMemory request was completed. (0x12B)
[0808/223918.024:WARNING:pe_image_reader.cc(340)] could not read dos header from C:\WINDOWS\SYSTEM32\WINHTTP.dll
[0808/223918.024:ERROR:process_memory_win.cc(73)] ReadMemory at 0x7ffd77d00000 of 64 bytes failed: Only part of a ReadProcessMemory or WriteProcessMemory request was completed. (0x12B)
[0808/223918.024:WARNING:pe_image_reader.cc(340)] could not read dos header from C:\WINDOWS\SYSTEM32\dhcpcsvc.DLL
[0808/223918.024:ERROR:process_memory_win.cc(73)] ReadMemory at 0x7ffd7fd80000 of 64 bytes failed: Only part of a ReadProcessMemory or WriteProcessMemory request was completed. (0x12B)
[0808/223918.024:WARNING:pe_image_reader.cc(340)] could not read dos header from C:\WINDOWS\SYSTEM32\PROPSYS.dll
[0808/223918.024:ERROR:process_memory_win.cc(73)] ReadMemory at 0x7ffd82bd0000 of 64 bytes failed: Only part of a ReadProcessMemory or WriteProcessMemory request was completed. (0x12B)
[0808/223918.024:WARNING:pe_image_reader.cc(340)] could not read dos header from C:\WINDOWS\SYSTEM32\SSPICLI.DLL
[0808/223918.024:ERROR:process_memory_win.cc(73)] ReadMemory at 0x7ffd82810000 of 64 bytes failed: Only part of a ReadProcessMemory or WriteProcessMemory request was completed. (0x12B)
[0808/223918.024:WARNING:pe_image_reader.cc(340)] could not read dos header from C:\WINDOWS\System32\MSASN1.dll
[0808/223918.024:ERROR:process_memory_win.cc(73)] ReadMemory at 0x7ffd83080000 of 64 bytes failed: Only part of a ReadProcessMemory or WriteProcessMemory request was completed. (0x12B)
[0808/223918.025:WARNING:pe_image_reader.cc(340)] could not read dos header from C:\WINDOWS\System32\bcryptPrimitives.dll
[0808/223918.025:ERROR:process_memory_win.cc(73)] ReadMemory at 0x7ffd825e0000 of 64 bytes failed: Only part of a ReadProcessMemory or WriteProcessMemory request was completed. (0x12B)
[0808/223918.025:WARNING:pe_image_reader.cc(340)] could not read dos header from C:\WINDOWS\SYSTEM32\CRYPTBASE.DLL
[0808/223918.025:ERROR:process_memory_win.cc(73)] ReadMemory at 0x7ff72ca50000 of 64 bytes failed: Only part of a ReadProcessMemory or WriteProcessMemory request was completed. (0x12B)
[0808/223918.025:WARNING:pe_image_reader.cc(340)] could not read dos header from C:\Program Files (x86)\Google\Chrome\Application\chrome.exe
[0808/223918.025:ERROR:process_memory_win.cc(73)] ReadMemory at 0x7ffd85590000 of 64 bytes failed: Only part of a ReadProcessMemory or WriteProcessMemory request was completed. (0x12B)
[0808/223918.026:WARNING:pe_image_reader.cc(340)] could not read dos header from C:\WINDOWS\SYSTEM32\ntdll.dll
[0808/223918.026:ERROR:process_memory_win.cc(73)] ReadMemory at 0x7ffd838c0000 of 64 bytes failed: Only part of a ReadProcessMemory or WriteProcessMemory request was completed. (0x12B)
[0808/223918.026:WARNING:pe_image_reader.cc(340)] could not read dos header from C:\WINDOWS\System32\KERNEL32.DLL
[0808/223918.026:ERROR:process_memory_win.cc(73)] ReadMemory at 0x7ffd83100000 of 64 bytes failed: Only part of a ReadProcessMemory or WriteProcessMemory request was completed. (0x12B)
[0808/223918.026:WARNING:pe_image_reader.cc(340)] could not read dos header from C:\WINDOWS\System32\KERNELBASE.dll
[0808/223918.026:ERROR:process_memory_win.cc(73)] ReadMemory at 0x7ffd69a50000 of 64 bytes failed: Only part of a ReadProcessMemory or WriteProcessMemory request was completed. (0x12B)
[0808/223918.026:WARNING:pe_image_reader.cc(340)] could not read dos header from C:\Program Files (x86)\Google\Chrome\Application\84.0.4147.105\chrome_elf.dll
[0808/223918.026:ERROR:process_memory_win.cc(73)] ReadMemory at 0x7ffd70c90000 of 64 bytes failed: Only part of a ReadProcessMemory or WriteProcessMemory request was completed. (0x12B)
[0808/223918.026:WARNING:pe_image_reader.cc(340)] could not read dos header from C:\WINDOWS\SYSTEM32\VERSION.dll
[0808/223918.026:ERROR:process_memory_win.cc(73)] ReadMemory at 0x7ffd84c60000 of 64 bytes failed: Only part of a ReadProcessMemory or WriteProcessMemory request was completed. (0x12B)
[0808/223918.026:WARNING:pe_image_reader.cc(340)] could not read dos header from C:\WINDOWS\System32\msvcrt.dll
[0808/223918.027:ERROR:process_memory_win.cc(73)] ReadMemory at 0x7ffd848e0000 of 64 bytes failed: Only part of a ReadProcessMemory or WriteProcessMemory request was completed. (0x12B)
[0808/223918.027:WARNING:pe_image_reader.cc(340)] could not read dos header from C:\WINDOWS\System32\ADVAPI32.dll
[0808/223918.027:ERROR:process_memory_win.cc(73)] ReadMemory at 0x7ffd83e70000 of 64 bytes failed: Only part of a ReadProcessMemory or WriteProcessMemory request was completed. (0x12B)
[0808/223918.027:WARNING:pe_image_reader.cc(340)] could not read dos header from C:\WINDOWS\System32\sechost.dll
[0808/223918.027:ERROR:process_memory_win.cc(73)] ReadMemory at 0x7ffd84690000 of 64 bytes failed: Only part of a ReadProcessMemory or WriteProcessMemory request was completed. (0x12B)
[0808/223918.027:WARNING:pe_image_reader.cc(340)] could not read dos header from C:\WINDOWS\System32\RPCRT4.dll
[0808/223918.027:ERROR:process_memory_win.cc(73)] ReadMemory at 0x7ffd43f70000 of 64 bytes failed: Only part of a ReadProcessMemory or WriteProcessMemory request was completed. (0x12B)
[0808/223918.027:WARNING:pe_image_reader.cc(340)] could not read dos header from C:\Program Files (x86)\Google\Chrome\Application\84.0.4147.105\chrome.dll
[0808/223918.027:ERROR:process_memory_win.cc(73)] ReadMemory at 0x7ffd83740000 of 64 bytes failed: Only part of a ReadProcessMemory or WriteProcessMemory request was completed. (0x12B)
[0808/223918.027:WARNING:pe_image_reader.cc(340)] could not read dos header from C:\WINDOWS\System32\WS2_32.dll
[0808/223918.027:ERROR:process_memory_win.cc(73)] ReadMemory at 0x7ffd83660000 of 64 bytes failed: Only part of a ReadProcessMemory or WriteProcessMemory request was completed. (0x12B)
[0808/223918.028:WARNING:pe_image_reader.cc(340)] could not read dos header from C:\WINDOWS\System32\OLEAUT32.dll
[0808/223918.028:ERROR:process_memory_win.cc(73)] ReadMemory at 0x7ffd83450000 of 64 bytes failed: Only part of a ReadProcessMemory or WriteProcessMemory request was completed. (0x12B)
[0808/223918.028:WARNING:pe_image_reader.cc(340)] could not read dos header from C:\WINDOWS\System32\msvcp_win.dll
[0808/223918.028:ERROR:process_memory_win.cc(73)] ReadMemory at 0x7ffd82ce0000 of 64 bytes failed: Only part of a ReadProcessMemory or WriteProcessMemory request was completed. (0x12B)
[0808/223918.028:WARNING:pe_image_reader.cc(340)] could not read dos header from C:\WINDOWS\System32\ucrtbase.dll
[0808/223918.028:ERROR:process_memory_win.cc(73)] ReadMemory at 0x7ffd840c0000 of 64 bytes failed: Only part of a ReadProcessMemory or WriteProcessMemory request was completed. (0x12B)
[0808/223918.028:WARNING:pe_image_reader.cc(340)] could not read dos header from C:\WINDOWS\System32\combase.dll
[0808/223918.028:ERROR:process_memory_win.cc(73)] ReadMemory at 0x7ffd82f70000 of 64 bytes failed: Only part of a ReadProcessMemory or WriteProcessMemory request was completed. (0x12B)
[0808/223918.028:WARNING:pe_image_reader.cc(340)] could not read dos header from C:\WINDOWS\System32\WINTRUST.dll
[0808/223918.028:ERROR:process_memory_win.cc(73)] ReadMemory at 0x7ffd82de0000 of 64 bytes failed: Only part of a ReadProcessMemory or WriteProcessMemory request was completed. (0x12B)
[0808/223918.028:WARNING:pe_image_reader.cc(340)] could not read dos header from C:\WINDOWS\System32\CRYPT32.dll
[0808/223918.028:ERROR:process_memory_win.cc(73)] ReadMemory at 0x7ffd82100000 of 64 bytes failed: Only part of a ReadProcessMemory or WriteProcessMemory request was completed. (0x12B)
[0808/223918.029:WARNING:pe_image_reader.cc(340)] could not read dos header from C:\WINDOWS\SYSTEM32\IPHLPAPI.DLL
[0808/223918.029:ERROR:process_memory_win.cc(73)] ReadMemory at 0x7ffd76320000 of 64 bytes failed: Only part of a ReadProcessMemory or WriteProcessMemory request was completed. (0x12B)
[0808/223918.029:WARNING:pe_image_reader.cc(340)] could not read dos header from C:\WINDOWS\SYSTEM32\WINMM.dll
[0808/223918.029:ERROR:process_memory_win.cc(73)] ReadMemory at 0x7ffd70220000 of 64 bytes failed: Only part of a ReadProcessMemory or WriteProcessMemory request was completed. (0x12B)
[0808/223918.029:WARNING:pe_image_reader.cc(340)] could not read dos header from C:\WINDOWS\SYSTEM32\Secur32.dll
[0808/223918.029:ERROR:process_memory_win.cc(73)] ReadMemory at 0x7ffd82ba0000 of 64 bytes failed: Only part of a ReadProcessMemory or WriteProcessMemory request was completed. (0x12B)
[0808/223918.029:WARNING:pe_image_reader.cc(340)] could not read dos header from C:\WINDOWS\SYSTEM32\USERENV.dll
[0808/223918.029:ERROR:process_memory_win.cc(73)] ReadMemory at 0x7ffd625e0000 of 64 bytes failed: Only part of a ReadProcessMemory or WriteProcessMemory request was completed. (0x12B)
[0808/223918.029:WARNING:pe_image_reader.cc(340)] could not read dos header from C:\WINDOWS\SYSTEM32\UIAutomationCore.DLL
[0808/223918.029:ERROR:process_memory_win.cc(73)] ReadMemory at 0x7ffd733b0000 of 64 bytes failed: Only part of a ReadProcessMemory or WriteProcessMemory request was completed. (0x12B)
[0808/223918.029:WARNING:pe_image_reader.cc(340)] could not read dos header from C:\WINDOWS\SYSTEM32\DWrite.dll
[0808/223918.029:ERROR:process_memory_win.cc(73)] ReadMemory at 0x7ffd7c5a0000 of 64 bytes failed: Only part of a ReadProcessMemory or WriteProcessMemory request was completed. (0x12B)
[0808/223918.030:WARNING:pe_image_reader.cc(340)] could not read dos header from C:\WINDOWS\SYSTEM32\WINSPOOL.DRV
[0808/223918.030:ERROR:process_memory_win.cc(73)] ReadMemory at 0x7ffd812c0000 of 64 bytes failed: Only part of a ReadProcessMemory or WriteProcessMemory request was completed. (0x12B)
[0808/223918.030:WARNING:pe_image_reader.cc(340)] could not read dos header from C:\WINDOWS\SYSTEM32\dbghelp.dll
[0808/223918.030:ERROR:process_memory_win.cc(73)] ReadMemory at 0x7ffd76050000 of 64 bytes failed: Only part of a ReadProcessMemory or WriteProcessMemory request was completed. (0x12B)
[0808/223918.030:WARNING:pe_image_reader.cc(340)] could not read dos header from C:\WINDOWS\SYSTEM32\WINHTTP.dll
[0808/223918.030:ERROR:process_memory_win.cc(73)] ReadMemory at 0x7ffd77d00000 of 64 bytes failed: Only part of a ReadProcessMemory or WriteProcessMemory request was completed. (0x12B)
[0808/223918.030:WARNING:pe_image_reader.cc(340)] could not read dos header from C:\WINDOWS\SYSTEM32\dhcpcsvc.DLL
[0808/223918.030:ERROR:process_memory_win.cc(73)] ReadMemory at 0x7ffd7fd80000 of 64 bytes failed: Only part of a ReadProcessMemory or WriteProcessMemory request was completed. (0x12B)
[0808/223918.030:WARNING:pe_image_reader.cc(340)] could not read dos header from C:\WINDOWS\SYSTEM32\PROPSYS.dll
[0808/223918.030:ERROR:process_memory_win.cc(73)] ReadMemory at 0x7ffd82bd0000 of 64 bytes failed: Only part of a ReadProcessMemory or WriteProcessMemory request was completed. (0x12B)
[0808/223918.030:WARNING:pe_image_reader.cc(340)] could not read dos header from C:\WINDOWS\SYSTEM32\SSPICLI.DLL
[0808/223918.030:ERROR:process_memory_win.cc(73)] ReadMemory at 0x7ffd82810000 of 64 bytes failed: Only part of a ReadProcessMemory or WriteProcessMemory request was completed. (0x12B)
[0808/223918.031:WARNING:pe_image_reader.cc(340)] could not read dos header from C:\WINDOWS\System32\MSASN1.dll
[0808/223918.031:ERROR:process_memory_win.cc(73)] ReadMemory at 0x7ffd83080000 of 64 bytes failed: Only part of a ReadProcessMemory or WriteProcessMemory request was completed. (0x12B)
[0808/223918.031:WARNING:pe_image_reader.cc(340)] could not read dos header from C:\WINDOWS\System32\bcryptPrimitives.dll
[0808/223918.031:ERROR:process_memory_win.cc(73)] ReadMemory at 0x7ffd825e0000 of 64 bytes failed: Only part of a ReadProcessMemory or WriteProcessMemory request was completed. (0x12B)
[0808/223918.031:WARNING:pe_image_reader.cc(340)] could not read dos header from C:\WINDOWS\SYSTEM32\CRYPTBASE.DLL
[0808/223918.204:ERROR:process_memory_win.cc(73)] ReadMemory at 0x9fae7e9000 of 94208 bytes failed: Only part of a ReadProcessMemory or WriteProcessMemory request was completed. (0x12B)
[0808/223918.205:ERROR:process_memory_win.cc(73)] ReadMemory at 0x9faeffd000 of 12288 bytes failed: Only part of a ReadProcessMemory or WriteProcessMemory request was completed. (0x12B)
[0808/223918.205:ERROR:process_memory_win.cc(73)] ReadMemory at 0x9faf7f1000 of 61440 bytes failed: Only part of a ReadProcessMemory or WriteProcessMemory request was completed. (0x12B)
[0808/223918.206:ERROR:process_memory_win.cc(73)] ReadMemory at 0x9fafffd000 of 12288 bytes failed: Only part of a ReadProcessMemory or WriteProcessMemory request was completed. (0x12B)
[0808/223918.206:ERROR:process_memory_win.cc(73)] ReadMemory at 0x9fb07fb000 of 20480 bytes failed: Only part of a ReadProcessMemory or WriteProcessMemory request was completed. (0x12B)
[0808/223918.206:ERROR:process_memory_win.cc(73)] ReadMemory at 0x9fb0ffe000 of 8192 bytes failed: Only part of a ReadProcessMemory or WriteProcessMemory request was completed. (0x12B)
[0808/223918.207:ERROR:process_memory_win.cc(73)] ReadMemory at 0x9fb17fd000 of 12288 bytes failed: Only part of a ReadProcessMemory or WriteProcessMemory request was completed. (0x12B)
[0808/223918.207:ERROR:process_memory_win.cc(73)] ReadMemory at 0x9fb1ffb000 of 20480 bytes failed: Only part of a ReadProcessMemory or WriteProcessMemory request was completed. (0x12B)
[0808/223918.207:ERROR:process_memory_win.cc(73)] ReadMemory at 0x9fb27fb000 of 20480 bytes failed: Only part of a ReadProcessMemory or WriteProcessMemory request was completed. (0x12B)
[0808/223918.207:ERROR:process_memory_win.cc(73)] ReadMemory at 0x9fb2ff5000 of 45056 bytes failed: Only part of a ReadProcessMemory or WriteProcessMemory request was completed. (0x12B)
[0808/223918.207:ERROR:process_memory_win.cc(73)] ReadMemory at 0x9fb37fd000 of 12288 bytes failed: Only part of a ReadProcessMemory or WriteProcessMemory request was completed. (0x12B)
[0808/223918.208:ERROR:process_memory_win.cc(73)] ReadMemory at 0x9fb3ff1000 of 61440 bytes failed: Only part of a ReadProcessMemory or WriteProcessMemory request was completed. (0x12B)
[0808/223918.209:ERROR:process_memory_win.cc(73)] ReadMemory at 0x9fb4ff1000 of 61440 bytes failed: Only part of a ReadProcessMemory or WriteProcessMemory request was completed. (0x12B)
[0808/223918.209:ERROR:process_memory_win.cc(73)] ReadMemory at 0x9fb57fb000 of 20480 bytes failed: Only part of a ReadProcessMemory or WriteProcessMemory request was completed. (0x12B)
[0808/223918.210:ERROR:process_memory_win.cc(73)] ReadMemory at 0x9fb5ffb000 of 20480 bytes failed: Only part of a ReadProcessMemory or WriteProcessMemory request was completed. (0x12B)
[0808/223918.210:ERROR:process_memory_win.cc(73)] ReadMemory at 0x9fb67fa000 of 24576 bytes failed: Only part of a ReadProcessMemory or WriteProcessMemory request was completed. (0x12B)
[0808/223918.212:ERROR:process_memory_win.cc(73)] ReadMemory at 0x9fb70fd000 of 12288 bytes failed: Only part of a ReadProcessMemory or WriteProcessMemory request was completed. (0x12B)
[0808/223918.213:ERROR:process_memory_win.cc(73)] ReadMemory at 0x9fb71fe000 of 8192 bytes failed: Only part of a ReadProcessMemory or WriteProcessMemory request was completed. (0x12B)
[0808/223918.213:ERROR:process_memory_win.cc(73)] ReadMemory at 0x9fb79fd000 of 12288 bytes failed: Only part of a ReadProcessMemory or WriteProcessMemory request was completed. (0x12B)
[0808/223918.213:ERROR:process_memory_win.cc(73)] ReadMemory at 0x9fb81fa000 of 24576 bytes failed: Only part of a ReadProcessMemory or WriteProcessMemory request was completed. (0x12B)
[0808/223918.213:ERROR:process_memory_win.cc(73)] ReadMemory at 0x9fb89f2000 of 57344 bytes failed: Only part of a ReadProcessMemory or WriteProcessMemory request was completed. (0x12B)
[0808/223918.214:ERROR:process_memory_win.cc(73)] ReadMemory at 0x9fadd9e000 of 8192 bytes failed: Only part of a ReadProcessMemory or WriteProcessMemory request was completed. (0x12B)
[0808/223918.214:ERROR:process_memory_win.cc(73)] ReadMemory at 0x9fb91f3000 of 53248 bytes failed: Only part of a ReadProcessMemory or WriteProcessMemory request was completed. (0x12B)
[0808/223918.214:ERROR:process_memory_win.cc(73)] ReadMemory at 0x9fb99ff000 of 4096 bytes failed: Only part of a ReadProcessMemory or WriteProcessMemory request was completed. (0x12B)
[0808/223918.214:ERROR:process_memory_win.cc(73)] ReadMemory at 0x9fba1fd000 of 12288 bytes failed: Only part of a ReadProcessMemory or WriteProcessMemory request was completed. (0x12B)
[0808/223918.215:ERROR:process_memory_win.cc(73)] ReadMemory at 0x9fba9fd000 of 12288 bytes failed: Only part of a ReadProcessMemory or WriteProcessMemory request was completed. (0x12B)
[0808/223918.215:ERROR:process_memory_win.cc(73)] ReadMemory at 0x9fb47fd000 of 12288 bytes failed: Only part of a ReadProcessMemory or WriteProcessMemory request was completed. (0x12B)
[0808/223918.215:ERROR:process_memory_win.cc(73)] ReadMemory at 0x9fbb1fd000 of 12288 bytes failed: Only part of a ReadProcessMemory or WriteProcessMemory request was completed. (0x12B)
[0808/223918.215:ERROR:process_memory_win.cc(73)] ReadMemory at 0x9fbb3fe000 of 8192 bytes failed: Only part of a ReadProcessMemory or WriteProcessMemory request was completed. (0x12B)
[0808/223918.216:ERROR:process_memory_win.cc(73)] ReadMemory at 0x9fb68fe000 of 8192 bytes failed: Only part of a ReadProcessMemory or WriteProcessMemory request was completed. (0x12B)
[0808/223918.216:ERROR:process_memory_win.cc(73)] ReadMemory at 0x9fbbbfd000 of 12288 bytes failed: Only part of a ReadProcessMemory or WriteProcessMemory request was completed. (0x12B)
[0808/223918.216:ERROR:process_memory_win.cc(73)] ReadMemory at 0x9fbc3ff000 of 4096 bytes failed: Only part of a ReadProcessMemory or WriteProcessMemory request was completed. (0x12B)
[0808/223918.217:ERROR:process_memory_win.cc(73)] ReadMemory at 0x9fade43000 of 852 bytes failed: Only part of a ReadProcessMemory or WriteProcessMemory request was completed. (0x12B)
[0808/223918.217:ERROR:process_memory_win.cc(73)] ReadMemory at 0x9fade44000 of 6024 bytes failed: Only part of a ReadProcessMemory or WriteProcessMemory request was completed. (0x12B)
[0808/223918.218:ERROR:process_memory_win.cc(73)] ReadMemory at 0x9fade46000 of 6024 bytes failed: Only part of a ReadProcessMemory or WriteProcessMemory request was completed. (0x12B)
[0808/223918.219:ERROR:process_memory_win.cc(73)] ReadMemory at 0x9fade48000 of 6024 bytes failed: Only part of a ReadProcessMemory or WriteProcessMemory request was completed. (0x12B)
[0808/223918.219:ERROR:process_memory_win.cc(73)] ReadMemory at 0x9fade4a000 of 6024 bytes failed: Only part of a ReadProcessMemory or WriteProcessMemory request was completed. (0x12B)
[0808/223918.221:ERROR:process_memory_win.cc(73)] ReadMemory at 0x9fade4c000 of 6024 bytes failed: Only part of a ReadProcessMemory or WriteProcessMemory request was completed. (0x12B)
[0808/223918.222:ERROR:process_memory_win.cc(73)] ReadMemory at 0x9fade4e000 of 6024 bytes failed: Only part of a ReadProcessMemory or WriteProcessMemory request was completed. (0x12B)
[0808/223918.222:ERROR:process_memory_win.cc(73)] ReadMemory at 0x9fade50000 of 6024 bytes failed: Only part of a ReadProcessMemory or WriteProcessMemory request was completed. (0x12B)
[0808/223918.223:ERROR:process_memory_win.cc(73)] ReadMemory at 0x9fade52000 of 6024 bytes failed: Only part of a ReadProcessMemory or WriteProcessMemory request was completed. (0x12B)
[0808/223918.223:ERROR:process_memory_win.cc(73)] ReadMemory at 0x9fade54000 of 6024 bytes failed: Only part of a ReadProcessMemory or WriteProcessMemory request was completed. (0x12B)
[0808/223918.223:ERROR:process_memory_win.cc(73)] ReadMemory at 0x9fade56000 of 6024 bytes failed: Only part of a ReadProcessMemory or WriteProcessMemory request was completed. (0x12B)
[0808/223918.223:ERROR:process_memory_win.cc(73)] ReadMemory at 0x9fade58000 of 6024 bytes failed: Only part of a ReadProcessMemory or WriteProcessMemory request was completed. (0x12B)
[0808/223918.223:ERROR:process_memory_win.cc(73)] ReadMemory at 0x9fade5a000 of 6024 bytes failed: Only part of a ReadProcessMemory or WriteProcessMemory request was completed. (0x12B)
[0808/223918.224:ERROR:process_memory_win.cc(73)] ReadMemory at 0x9fade5e000 of 6024 bytes failed: Only part of a ReadProcessMemory or WriteProcessMemory request was completed. (0x12B)
[0808/223918.224:ERROR:process_memory_win.cc(73)] ReadMemory at 0x9fade60000 of 6024 bytes failed: Only part of a ReadProcessMemory or WriteProcessMemory request was completed. (0x12B)
[0808/223918.224:ERROR:process_memory_win.cc(73)] ReadMemory at 0x9fade62000 of 6024 bytes failed: Only part of a ReadProcessMemory or WriteProcessMemory request was completed. (0x12B)
[0808/223918.224:ERROR:process_memory_win.cc(73)] ReadMemory at 0x9fade64000 of 6024 bytes failed: Only part of a ReadProcessMemory or WriteProcessMemory request was completed. (0x12B)
[0808/223918.225:ERROR:process_memory_win.cc(73)] ReadMemory at 0x9fade6a000 of 6024 bytes failed: Only part of a ReadProcessMemory or WriteProcessMemory request was completed. (0x12B)
[0808/223918.225:ERROR:process_memory_win.cc(73)] ReadMemory at 0x9fade6c000 of 6024 bytes failed: Only part of a ReadProcessMemory or WriteProcessMemory request was completed. (0x12B)
[0808/223918.225:ERROR:process_memory_win.cc(73)] ReadMemory at 0x9fade6e000 of 6024 bytes failed: Only part of a ReadProcessMemory or WriteProcessMemory request was completed. (0x12B)
[0808/223918.225:ERROR:process_memory_win.cc(73)] ReadMemory at 0x9fade70000 of 6024 bytes failed: Only part of a ReadProcessMemory or WriteProcessMemory request was completed. (0x12B)
[0808/223918.226:ERROR:process_memory_win.cc(73)] ReadMemory at 0x9fade72000 of 6024 bytes failed: Only part of a ReadProcessMemory or WriteProcessMemory request was completed. (0x12B)
[0808/223918.226:ERROR:process_memory_win.cc(73)] ReadMemory at 0x9fade74000 of 6024 bytes failed: Only part of a ReadProcessMemory or WriteProcessMemory request was completed. (0x12B)
[0808/223918.226:ERROR:process_memory_win.cc(73)] ReadMemory at 0x9fade7a000 of 6024 bytes failed: Only part of a ReadProcessMemory or WriteProcessMemory request was completed. (0x12B)
[0808/223918.227:ERROR:process_memory_win.cc(73)] ReadMemory at 0x9fade7c000 of 6024 bytes failed: Only part of a ReadProcessMemory or WriteProcessMemory request was completed. (0x12B)
[0808/223918.227:ERROR:process_memory_win.cc(73)] ReadMemory at 0x9fade7df80 of 6152 bytes failed: Only part of a ReadProcessMemory or WriteProcessMemory request was completed. (0x12B)
[0808/223918.228:ERROR:process_memory_win.cc(73)] ReadMemory at 0x9fade80000 of 6024 bytes failed: Only part of a ReadProcessMemory or WriteProcessMemory request was completed. (0x12B)
[0808/223918.228:ERROR:process_memory_win.cc(73)] ReadMemory at 0x9fade84000 of 6024 bytes failed: Only part of a ReadProcessMemory or WriteProcessMemory request was completed. (0x12B)
[0808/223918.229:ERROR:process_memory_win.cc(73)] ReadMemory at 0x9fade86000 of 6024 bytes failed: Only part of a ReadProcessMemory or WriteProcessMemory request was completed. (0x12B)
[0808/223918.229:ERROR:process_memory_win.cc(73)] ReadMemory at 0x9fade8c000 of 6024 bytes failed: Only part of a ReadProcessMemory or WriteProcessMemory request was completed. (0x12B)
[0808/223918.231:ERROR:process_memory_win.cc(73)] ReadMemory at 0x9fade8e000 of 6024 bytes failed: Only part of a ReadProcessMemory or WriteProcessMemory request was completed. (0x12B)
[0808/223918.231:ERROR:process_memory_win.cc(73)] ReadMemory at 0x9fade92000 of 6024 bytes failed: Only part of a ReadProcessMemory or WriteProcessMemory request was completed. (0x12B)
[0808/223918.231:ERROR:process_memory_win.cc(73)] ReadMemory at 0x9fade94000 of 6024 bytes failed: Only part of a ReadProcessMemory or WriteProcessMemory request was completed. (0x12B)
[0808/223918.232:ERROR:process_memory_win.cc(73)] ReadMemory at 0x1a9817d15a0 of 512 bytes failed: Only part of a ReadProcessMemory or WriteProcessMemory request was completed. (0x12B)
[0808/223918.232:ERROR:process_memory_win.cc(73)] ReadMemory at 0x1a981b70770 of 512 bytes failed: Only part of a ReadProcessMemory or WriteProcessMemory request was completed. (0x12B)
[0808/223918.233:ERROR:process_memory_win.cc(73)] ReadMemory at 0x1a981b9e4d0 of 512 bytes failed: Only part of a ReadProcessMemory or WriteProcessMemory request was completed. (0x12B)
[0808/223918.233:ERROR:process_memory_win.cc(73)] ReadMemory at 0x1a981c82464 of 512 bytes failed: Only part of a ReadProcessMemory or WriteProcessMemory request was completed. (0x12B)
[0808/223918.233:ERROR:process_memory_win.cc(73)] ReadMemory at 0x1a981cbfb30 of 512 bytes failed: Only part of a ReadProcessMemory or WriteProcessMemory request was completed. (0x12B)
[0808/223918.233:ERROR:process_memory_win.cc(73)] ReadMemory at 0x1a982e31b10 of 512 bytes failed: Only part of a ReadProcessMemory or WriteProcessMemory request was completed. (0x12B)
[0808/223918.233:ERROR:process_memory_win.cc(73)] ReadMemory at 0x1a982e32810 of 512 bytes failed: Only part of a ReadProcessMemory or WriteProcessMemory request was completed. (0x12B)
[0808/223918.235:ERROR:process_memory_win.cc(73)] ReadMemory at 0x1a9831c22a0 of 512 bytes failed: Only part of a ReadProcessMemory or WriteProcessMemory request was completed. (0x12B)
[0808/223918.235:ERROR:process_memory_win.cc(73)] ReadMemory at 0x1a983343c50 of 528 bytes failed: Only part of a ReadProcessMemory or WriteProcessMemory request was completed. (0x12B)
[0808/223918.235:ERROR:process_memory_win.cc(73)] ReadMemory at 0x1a983419ca4 of 512 bytes failed: Only part of a ReadProcessMemory or WriteProcessMemory request was completed. (0x12B)
[0808/223918.235:ERROR:process_memory_win.cc(73)] ReadMemory at 0x1a9841bd720 of 512 bytes failed: Only part of a ReadProcessMemory or WriteProcessMemory request was completed. (0x12B)
[0808/223918.236:ERROR:process_memory_win.cc(73)] ReadMemory at 0x1a9841bdcd0 of 512 bytes failed: Only part of a ReadProcessMemory or WriteProcessMemory request was completed. (0x12B)
[0808/223918.236:ERROR:process_memory_win.cc(73)] ReadMemory at 0x1a984241870 of 528 bytes failed: Only part of a ReadProcessMemory or WriteProcessMemory request was completed. (0x12B)
[0808/223918.236:ERROR:process_memory_win.cc(73)] ReadMemory at 0x1a984440310 of 512 bytes failed: Only part of a ReadProcessMemory or WriteProcessMemory request was completed. (0x12B)
[0808/223918.236:ERROR:process_memory_win.cc(73)] ReadMemory at 0x1a984619c64 of 512 bytes failed: Only part of a ReadProcessMemory or WriteProcessMemory request was completed. (0x12B)
[0808/223918.236:ERROR:process_memory_win.cc(73)] ReadMemory at 0x1a984948f60 of 512 bytes failed: Only part of a ReadProcessMemory or WriteProcessMemory request was completed. (0x12B)
[0808/223918.237:ERROR:process_memory_win.cc(73)] ReadMemory at 0x1a9f7c90c40 of 512 bytes failed: Only part of a ReadProcessMemory or WriteProcessMemory request was completed. (0x12B)
[0808/223918.578:ERROR:process_memory_win.cc(73)] ReadMemory at 0x1a9f7d00fe0 of 17658 bytes failed: Only part of a ReadProcessMemory or WriteProcessMemory request was completed. (0x12B)
[0808/223918.589:ERROR:process_memory_win.cc(73)] ReadMemory at 0x1a9f7d054f0 of 1012 bytes failed: Only part of a ReadProcessMemory or WriteProcessMemory request was completed. (0x12B)
[0808/223918.590:ERROR:process_memory_win.cc(73)] ReadMemory at 0x1a9f7d05b38 of 118 bytes failed: Only part of a ReadProcessMemory or WriteProcessMemory request was completed. (0x12B)
[0808/223918.590:ERROR:process_memory_win.cc(73)] ReadMemory at 0x1a9f7d05bb0 of 682 bytes failed: Only part of a ReadProcessMemory or WriteProcessMemory request was completed. (0x12B)
[0808/223918.591:ERROR:process_memory_win.cc(73)] ReadMemory at 0x1a9f7d05e5c of 118 bytes failed: Only part of a ReadProcessMemory or WriteProcessMemory request was completed. (0x12B)
[0808/223918.592:ERROR:process_memory_win.cc(73)] ReadMemory at 0x1a9f7d05ed4 of 96 bytes failed: Only part of a ReadProcessMemory or WriteProcessMemory request was completed. (0x12B)
[0808/223918.592:ERROR:process_memory_win.cc(73)] ReadMemory at 0x1a9f7d05f40 of 58 bytes failed: Only part of a ReadProcessMemory or WriteProcessMemory request was completed. (0x12B)
[0808/223918.690:ERROR:process_memory_win.cc(73)] ReadMemory at 0x1a9f7d06040 of 132 bytes failed: Only part of a ReadProcessMemory or WriteProcessMemory request was completed. (0x12B)
[0808/223918.692:ERROR:process_memory_win.cc(73)] ReadMemory at 0x1a9f7d061d0 of 132 bytes failed: Only part of a ReadProcessMemory or WriteProcessMemory request was completed. (0x12B)
[0808/223918.693:ERROR:process_memory_win.cc(73)] ReadMemory at 0x1a9f7d06390 of 126 bytes failed: Only part of a ReadProcessMemory or WriteProcessMemory request was completed. (0x12B)
[0808/223918.693:ERROR:process_memory_win.cc(73)] ReadMemory at 0x1a9f7d06770 of 132 bytes failed: Only part of a ReadProcessMemory or WriteProcessMemory request was completed. (0x12B)
[0808/223918.693:ERROR:process_memory_win.cc(73)] ReadMemory at 0x1a9f7d06900 of 64 bytes failed: Only part of a ReadProcessMemory or WriteProcessMemory request was completed. (0x12B)
[0808/223918.693:ERROR:process_memory_win.cc(73)] ReadMemory at 0x1a9f7d06ac0 of 132 bytes failed: Only part of a ReadProcessMemory or WriteProcessMemory request was completed. (0x12B)
[0808/223918.693:ERROR:process_memory_win.cc(73)] ReadMemory at 0x1a9f7d06d80 of 132 bytes failed: Only part of a ReadProcessMemory or WriteProcessMemory request was completed. (0x12B)
[0808/223918.694:ERROR:process_memory_win.cc(73)] ReadMemory at 0x1a9f7d06f10 of 68 bytes failed: Only part of a ReadProcessMemory or WriteProcessMemory request was completed. (0x12B)
[0808/223918.694:ERROR:process_memory_win.cc(73)] ReadMemory at 0x1a9f7d07fb0 of 132 bytes failed: Only part of a ReadProcessMemory or WriteProcessMemory request was completed. (0x12B)
[0808/223918.694:ERROR:process_memory_win.cc(73)] ReadMemory at 0x1a9f7d080e0 of 154 bytes failed: Only part of a ReadProcessMemory or WriteProcessMemory request was completed. (0x12B)
[0808/223918.695:ERROR:process_memory_win.cc(73)] ReadMemory at 0x1a9f7d0a660 of 62 bytes failed: Only part of a ReadProcessMemory or WriteProcessMemory request was completed. (0x12B)
[0808/223919.004:ERROR:process_memory_win.cc(73)] ReadMemory at 0x1a9f7d0a790 of 132 bytes failed: Only part of a ReadProcessMemory or WriteProcessMemory request was completed. (0x12B)
[0808/223919.005:ERROR:process_memory_win.cc(73)] ReadMemory at 0x1a9f7d0a920 of 60 bytes failed: Only part of a ReadProcessMemory or WriteProcessMemory request was completed. (0x12B)
[0808/223919.005:ERROR:process_memory_win.cc(73)] ReadMemory at 0x1a9f7d15f00 of 512 bytes failed: Only part of a ReadProcessMemory or WriteProcessMemory request was completed. (0x12B)
[0808/223919.005:ERROR:process_memory_win.cc(73)] ReadMemory at 0x1a9f7d17200 of 60 bytes failed: Only part of a ReadProcessMemory or WriteProcessMemory request was completed. (0x12B)
[0808/223919.005:ERROR:process_memory_win.cc(73)] ReadMemory at 0x1a9f7d17250 of 62 bytes failed: Only part of a ReadProcessMemory or WriteProcessMemory request was completed. (0x12B)
[0808/223919.005:ERROR:process_memory_win.cc(73)] ReadMemory at 0x1a9f7d172a0 of 62 bytes failed: Only part of a ReadProcessMemory or WriteProcessMemory request was completed. (0x12B)
[0808/223919.006:ERROR:process_memory_win.cc(73)] ReadMemory at 0x1a9f7d172f0 of 62 bytes failed: Only part of a ReadProcessMemory or WriteProcessMemory request was completed. (0x12B)
[0808/223919.006:ERROR:process_memory_win.cc(73)] ReadMemory at 0x1a9f7d17390 of 62 bytes failed: Only part of a ReadProcessMemory or WriteProcessMemory request was completed. (0x12B)
[0808/223919.008:ERROR:process_memory_win.cc(73)] ReadMemory at 0x1a9f7d17430 of 64 bytes failed: Only part of a ReadProcessMemory or WriteProcessMemory request was completed. (0x12B)
[0808/223919.008:ERROR:process_memory_win.cc(73)] ReadMemory at 0x1a9f7d17520 of 60 bytes failed: Only part of a ReadProcessMemory or WriteProcessMemory request was completed. (0x12B)
[0808/223919.009:ERROR:process_memory_win.cc(73)] ReadMemory at 0x1a9f7d17930 of 64 bytes failed: Only part of a ReadProcessMemory or WriteProcessMemory request was completed. (0x12B)
[0808/223919.009:ERROR:process_memory_win.cc(73)] ReadMemory at 0x1a9f7d17c00 of 64 bytes failed: Only part of a ReadProcessMemory or WriteProcessMemory request was completed. (0x12B)
[0808/223919.013:ERROR:process_memory_win.cc(73)] ReadMemory at 0x1a9f7d17cf0 of 64 bytes failed: Only part of a ReadProcessMemory or WriteProcessMemory request was completed. (0x12B)
[0808/223919.015:ERROR:process_memory_win.cc(73)] ReadMemory at 0x1a9f7d18060 of 66 bytes failed: Only part of a ReadProcessMemory or WriteProcessMemory request was completed. (0x12B)
[0808/223919.015:ERROR:process_memory_win.cc(73)] ReadMemory at 0x1a9f7d180b0 of 62 bytes failed: Only part of a ReadProcessMemory or WriteProcessMemory request was completed. (0x12B)
[0808/223919.015:ERROR:process_memory_win.cc(73)] ReadMemory at 0x1a9f7d18100 of 64 bytes failed: Only part of a ReadProcessMemory or WriteProcessMemory request was completed. (0x12B)
[0808/223919.016:ERROR:process_memory_win.cc(73)] ReadMemory at 0x1a9f7d18150 of 58 bytes failed: Only part of a ReadProcessMemory or WriteProcessMemory request was completed. (0x12B)
[0808/223919.016:ERROR:process_memory_win.cc(73)] ReadMemory at 0x1a9f7d1b820 of 132 bytes failed: Only part of a ReadProcessMemory or WriteProcessMemory request was completed. (0x12B)
[0808/223919.016:ERROR:process_memory_win.cc(73)] ReadMemory at 0x1a9f7d1b950 of 132 bytes failed: Only part of a ReadProcessMemory or WriteProcessMemory request was completed. (0x12B)
[0808/223919.016:ERROR:process_memory_win.cc(73)] ReadMemory at 0x1a9f7d1bf60 of 132 bytes failed: Only part of a ReadProcessMemory or WriteProcessMemory request was completed. (0x12B)
[0808/223919.020:ERROR:process_memory_win.cc(73)] ReadMemory at 0x1a9f7d1e170 of 132 bytes failed: Only part of a ReadProcessMemory or WriteProcessMemory request was completed. (0x12B)
[0808/223919.020:ERROR:process_memory_win.cc(73)] ReadMemory at 0x1a9f7d1f6d0 of 132 bytes failed: Only part of a ReadProcessMemory or WriteProcessMemory request was completed. (0x12B)
[0808/223919.020:ERROR:process_memory_win.cc(73)] ReadMemory at 0x1a9f7d25530 of 146 bytes failed: Only part of a ReadProcessMemory or WriteProcessMemory request was completed. (0x12B)
[0808/223919.020:ERROR:process_memory_win.cc(73)] ReadMemory at 0x1a9f7d26910 of 132 bytes failed: Only part of a ReadProcessMemory or WriteProcessMemory request was completed. (0x12B)
[0808/223919.020:ERROR:process_memory_win.cc(73)] ReadMemory at 0x1a9f7d28d50 of 132 bytes failed: Only part of a ReadProcessMemory or WriteProcessMemory request was completed. (0x12B)
[0808/223919.021:ERROR:process_memory_win.cc(73)] ReadMemory at 0x1a9f7d290a0 of 132 bytes failed: Only part of a ReadProcessMemory or WriteProcessMemory request was completed. (0x12B)
[0808/223919.021:ERROR:process_memory_win.cc(73)] ReadMemory at 0x1a9f7d292b0 of 132 bytes failed: Only part of a ReadProcessMemory or WriteProcessMemory request was completed. (0x12B)
[0808/223919.021:ERROR:process_memory_win.cc(73)] ReadMemory at 0x1a9f7d295e0 of 132 bytes failed: Only part of a ReadProcessMemory or WriteProcessMemory request was completed. (0x12B)
[0808/223919.022:ERROR:process_memory_win.cc(73)] ReadMemory at 0x1a9f7d29710 of 132 bytes failed: Only part of a ReadProcessMemory or WriteProcessMemory request was completed. (0x12B)
[0808/223919.023:ERROR:process_memory_win.cc(73)] ReadMemory at 0x1a9f7d29840 of 132 bytes failed: Only part of a ReadProcessMemory or WriteProcessMemory request was completed. (0x12B)
[0808/223919.023:ERROR:process_memory_win.cc(73)] ReadMemory at 0x1a9f7d29970 of 132 bytes failed: Only part of a ReadProcessMemory or WriteProcessMemory request was completed. (0x12B)
[0808/223919.023:ERROR:process_memory_win.cc(73)] ReadMemory at 0x1a9f7d29aa0 of 132 bytes failed: Only part of a ReadProcessMemory or WriteProcessMemory request was completed. (0x12B)
[0808/223919.024:ERROR:process_memory_win.cc(73)] ReadMemory at 0x1a9f7d29bd0 of 132 bytes failed: Only part of a ReadProcessMemory or WriteProcessMemory request was completed. (0x12B)
[0808/223919.024:ERROR:process_memory_win.cc(73)] ReadMemory at 0x1a9f7d29d00 of 132 bytes failed: Only part of a ReadProcessMemory or WriteProcessMemory request was completed. (0x12B)
[0808/223919.024:ERROR:process_memory_win.cc(73)] ReadMemory at 0x1a9f7d29e30 of 132 bytes failed: Only part of a ReadProcessMemory or WriteProcessMemory request was completed. (0x12B)
[0808/223919.024:ERROR:process_memory_win.cc(73)] ReadMemory at 0x1a9f7d29f60 of 132 bytes failed: Only part of a ReadProcessMemory or WriteProcessMemory request was completed. (0x12B)
[0808/223919.024:ERROR:process_memory_win.cc(73)] ReadMemory at 0x1a9f7d2a090 of 132 bytes failed: Only part of a ReadProcessMemory or WriteProcessMemory request was completed. (0x12B)
[0808/223919.024:ERROR:process_memory_win.cc(73)] ReadMemory at 0x1a9f7d2a2f0 of 132 bytes failed: Only part of a ReadProcessMemory or WriteProcessMemory request was completed. (0x12B)
[0808/223919.025:ERROR:process_memory_win.cc(73)] ReadMemory at 0x1a9f7d2a420 of 132 bytes failed: Only part of a ReadProcessMemory or WriteProcessMemory request was completed. (0x12B)
[0808/223919.025:ERROR:process_memory_win.cc(73)] ReadMemory at 0x1a9f7d2bab0 of 80 bytes failed: Only part of a ReadProcessMemory or WriteProcessMemory request was completed. (0x12B)
[0808/223919.025:ERROR:process_memory_win.cc(73)] ReadMemory at 0x1a9f7d2be70 of 80 bytes failed: Only part of a ReadProcessMemory or WriteProcessMemory request was completed. (0x12B)
[0808/223919.027:ERROR:process_memory_win.cc(73)] ReadMemory at 0x1a9f7d2e120 of 132 bytes failed: Only part of a ReadProcessMemory or WriteProcessMemory request was completed. (0x12B)
[0808/223919.027:ERROR:process_memory_win.cc(73)] ReadMemory at 0x1a9f7d2f420 of 132 bytes failed: Only part of a ReadProcessMemory or WriteProcessMemory request was completed. (0x12B)
[0808/223919.028:ERROR:process_memory_win.cc(73)] ReadMemory at 0x1a9f7d2f7b0 of 132 bytes failed: Only part of a ReadProcessMemory or WriteProcessMemory request was completed. (0x12B)
[0808/223919.028:ERROR:process_memory_win.cc(73)] ReadMemory at 0x1a9f7d2f8e0 of 132 bytes failed: Only part of a ReadProcessMemory or WriteProcessMemory request was completed. (0x12B)
[0808/223919.028:ERROR:process_memory_win.cc(73)] ReadMemory at 0x1a9f7d2ffc0 of 62 bytes failed: Only part of a ReadProcessMemory or WriteProcessMemory request was completed. (0x12B)
[0808/223919.264:ERROR:process_memory_win.cc(73)] ReadMemory at 0x1a9f7d30240 of 62 bytes failed: Only part of a ReadProcessMemory or WriteProcessMemory request was completed. (0x12B)
[0808/223919.345:ERROR:process_memory_win.cc(73)] ReadMemory at 0x1a9f7d30560 of 62 bytes failed: Only part of a ReadProcessMemory or WriteProcessMemory request was completed. (0x12B)
[0808/223919.346:ERROR:process_memory_win.cc(73)] ReadMemory at 0x1a9f7d30650 of 60 bytes failed: Only part of a ReadProcessMemory or WriteProcessMemory request was completed. (0x12B)
[0808/223919.346:ERROR:process_memory_win.cc(73)] ReadMemory at 0x1a9f7d30880 of 64 bytes failed: Only part of a ReadProcessMemory or WriteProcessMemory request was completed. (0x12B)
[0808/223919.346:ERROR:process_memory_win.cc(73)] ReadMemory at 0x1a9f7d30bf0 of 64 bytes failed: Only part of a ReadProcessMemory or WriteProcessMemory request was completed. (0x12B)
[0808/223919.347:ERROR:process_memory_win.cc(73)] ReadMemory at 0x1a9f7d30d30 of 60 bytes failed: Only part of a ReadProcessMemory or WriteProcessMemory request was completed. (0x12B)
[0808/223919.347:ERROR:process_memory_win.cc(73)] ReadMemory at 0x1a9f7d30dd0 of 62 bytes failed: Only part of a ReadProcessMemory or WriteProcessMemory request was completed. (0x12B)
[0808/223919.347:ERROR:process_memory_win.cc(73)] ReadMemory at 0x1a9f7d3f190 of 512 bytes failed: Only part of a ReadProcessMemory or WriteProcessMemory request was completed. (0x12B)
[0808/223919.347:ERROR:process_memory_win.cc(73)] ReadMemory at 0x1a9f7d8f6a0 of 512 bytes failed: Only part of a ReadProcessMemory or WriteProcessMemory request was completed. (0x12B)
[0808/223919.347:ERROR:process_memory_win.cc(73)] ReadMemory at 0x1a9f7d8ff88 of 512 bytes failed: Only part of a ReadProcessMemory or WriteProcessMemory request was completed. (0x12B)
[0808/223919.348:ERROR:process_memory_win.cc(73)] ReadMemory at 0x1a9f7da2ed0 of 512 bytes failed: Only part of a ReadProcessMemory or WriteProcessMemory request was completed. (0x12B)
[0808/223919.348:ERROR:process_memory_win.cc(73)] ReadMemory at 0x1a9f7dbbdd0 of 712 bytes failed: Only part of a ReadProcessMemory or WriteProcessMemory request was completed. (0x12B)
[0808/223919.348:ERROR:process_memory_win.cc(73)] ReadMemory at 0x1a9f7dc7e10 of 512 bytes failed: Only part of a ReadProcessMemory or WriteProcessMemory request was completed. (0x12B)
[0808/223919.348:ERROR:process_memory_win.cc(73)] ReadMemory at 0x1a9f7dd9730 of 512 bytes failed: Only part of a ReadProcessMemory or WriteProcessMemory request was completed. (0x12B)
[0808/223919.349:ERROR:process_memory_win.cc(73)] ReadMemory at 0x104d08353bdd of 512 bytes failed: Only part of a ReadProcessMemory or WriteProcessMemory request was completed. (0x12B)
[0808/223919.365:ERROR:process_memory_win.cc(73)] ReadMemory at 0x4525899a7fc0 of 512 bytes failed: Only part of a ReadProcessMemory or WriteProcessMemory request was completed. (0x12B)
[0808/223919.365:ERROR:process_memory_win.cc(73)] ReadMemory at 0x7ffd43f70000 of 384 bytes failed: Only part of a ReadProcessMemory or WriteProcessMemory request was completed. (0x12B)
[0808/223919.369:ERROR:process_memory_win.cc(73)] ReadMemory at 0x7ffd4719f664 of 512 bytes failed: Only part of a ReadProcessMemory or WriteProcessMemory request was completed. (0x12B)
[0808/223919.369:ERROR:process_memory_win.cc(73)] ReadMemory at 0x7ffd490a5e7a of 512 bytes failed: Only part of a ReadProcessMemory or WriteProcessMemory request was completed. (0x12B)
[0808/223919.370:ERROR:process_memory_win.cc(73)] ReadMemory at 0x7ffd499343f9 of 512 bytes failed: Only part of a ReadProcessMemory or WriteProcessMemory request was completed. (0x12B)
[0808/223919.370:ERROR:process_memory_win.cc(73)] ReadMemory at 0x7ffd49973fd9 of 512 bytes failed: Only part of a ReadProcessMemory or WriteProcessMemory request was completed. (0x12B)
[0808/223919.370:ERROR:process_memory_win.cc(73)] ReadMemory at 0x7ffd49c05ae0 of 512 bytes failed: Only part of a ReadProcessMemory or WriteProcessMemory request was completed. (0x12B)
[0808/223919.370:ERROR:process_memory_win.cc(73)] ReadMemory at 0x7ffd4a7e7268 of 512 bytes failed: Only part of a ReadProcessMemory or WriteProcessMemory request was completed. (0x12B)
[0808/223919.370:ERROR:process_memory_win.cc(73)] ReadMemory at 0x7ffd4ac6c008 of 512 bytes failed: Only part of a ReadProcessMemory or WriteProcessMemory request was completed. (0x12B)
[0808/223919.371:ERROR:process_memory_win.cc(73)] ReadMemory at 0x7ffd4b8d49cf of 512 bytes failed: Only part of a ReadProcessMemory or WriteProcessMemory request was completed. (0x12B)
[0808/223919.371:ERROR:process_memory_win.cc(73)] ReadMemory at 0x7ffd4b8d5557 of 512 bytes failed: Only part of a ReadProcessMemory or WriteProcessMemory request was completed. (0x12B)
[0808/223919.371:ERROR:process_memory_win.cc(73)] ReadMemory at 0x7ffd4bbe8000 of 592 bytes failed: Only part of a ReadProcessMemory or WriteProcessMemory request was completed. (0x12B)
[0808/223919.371:ERROR:process_memory_win.cc(73)] ReadMemory at 0x7ffd69a779b3 of 512 bytes failed: Only part of a ReadProcessMemory or WriteProcessMemory request was completed. (0x12B)
[0808/223919.371:ERROR:process_memory_win.cc(73)] ReadMemory at 0x7ffd69a781a0 of 512 bytes failed: Only part of a ReadProcessMemory or WriteProcessMemory request was completed. (0x12B)
[0808/223919.371:ERROR:process_memory_win.cc(73)] ReadMemory at 0x7ffd855b0a90 of 512 bytes failed: Only part of a ReadProcessMemory or WriteProcessMemory request was completed. (0x12B)
[0808/223919.372:ERROR:process_memory_win.cc(73)] ReadMemory at 0x7ffd8562ad94 of 672 bytes failed: Only part of a ReadProcessMemory or WriteProcessMemory request was completed. (0x12B)
[0808/223919.372:ERROR:process_memory_win.cc(73)] ReadMemory at 0x7ffd8562b394 of 512 bytes failed: Only part of a ReadProcessMemory or WriteProcessMemory request was completed. (0x12B)
[0808/223919.372:ERROR:process_memory_win.cc(73)] ReadMemory at 0x7ffd8562b864 of 512 bytes failed: Only part of a ReadProcessMemory or WriteProcessMemory request was completed. (0x12B)
[0808/223919.372:ERROR:process_memory_win.cc(73)] ReadMemory at 0x7ffd8562e704 of 608 bytes failed: Only part of a ReadProcessMemory or WriteProcessMemory request was completed. (0x12B)
[0808/223919.372:ERROR:process_memory_win.cc(73)] ReadMemory at 0x7ffd856bf650 of 18 bytes failed: Only part of a ReadProcessMemory or WriteProcessMemory request was completed. (0x12B)
[0808/223919.373:ERROR:process_memory_win.cc(73)] ReadMemory at 0x7ffd856f34f8 of 40 bytes failed: Only part of a ReadProcessMemory or WriteProcessMemory request was completed. (0x12B)
[0808/223919.373:ERROR:process_memory_win.cc(73)] ReadMemory at 0x7ffd856f3978 of 48 bytes failed: Only part of a ReadProcessMemory or WriteProcessMemory request was completed. (0x12B)
[0808/223919.373:ERROR:process_memory_win.cc(73)] ReadMemory at 0x7ffd856f94c0 of 64 bytes failed: Only part of a ReadProcessMemory or WriteProcessMemory request was completed. (0x12B)
[0808/223919.693:ERROR:scoped_process_suspend.cc(40)] NtResumeProcess: An attempt was made to access an exiting process. (0xc000010a)
